#! /c/Source/iverilog-install/bin/vvp
:ivl_version "12.0 (devel)" "(s20150603-1539-g2693dd32b)";
:ivl_delay_selection "TYPICAL";
:vpi_time_precision - 12;
:vpi_module "D:\iverilog\iverilog\lib\ivl\system.vpi";
:vpi_module "D:\iverilog\iverilog\lib\ivl\vhdl_sys.vpi";
:vpi_module "D:\iverilog\iverilog\lib\ivl\vhdl_textio.vpi";
:vpi_module "D:\iverilog\iverilog\lib\ivl\v2005_math.vpi";
:vpi_module "D:\iverilog\iverilog\lib\ivl\va_math.vpi";
S_000001ee43b598f0 .scope module, "TB_ALU" "TB_ALU" 2 115;
 .timescale -12 -12;
v000001ee43bb93e0_0 .var "A", 15 0;
v000001ee43bba100_0 .var "B", 15 0;
v000001ee43bba240_0 .var "Cin", 0 0;
v000001ee43bb8b20_0 .var "F", 4 0;
v000001ee43bba2e0_0 .net "Result", 15 0, v000001ee43b5a020_0;  1 drivers
v000001ee43bb9de0_0 .net "Status", 5 0, v000001ee43b5b4c0_0;  1 drivers
S_000001ee43b1b280 .scope module, "ALU_BlockTest" "ALU" 2 121, 2 1 0, S_000001ee43b598f0;
 .timescale 0 0;
    .port_info 0 /OUTPUT 16 "Result";
    .port_info 1 /OUTPUT 6 "Status";
    .port_info 2 /INPUT 16 "A";
    .port_info 3 /INPUT 16 "B";
    .port_info 4 /INPUT 5 "F";
    .port_info 5 /INPUT 1 "Cin";
P_000001ee43b60d80 .param/l "ADD" 1 2 9, C4<00100>;
P_000001ee43b60db8 .param/l "ADD_CARRY" 1 2 10, C4<00101>;
P_000001ee43b60df0 .param/l "AND" 1 2 13, C4<01000>;
P_000001ee43b60e28 .param/l "AUX_CARRY_F" 1 2 32, +C4<00000000000000000000000000000000>;
P_000001ee43b60e60 .param/l "CARRY_F" 1 2 27, +C4<00000000000000000000000000000101>;
P_000001ee43b60e98 .param/l "DEC" 1 2 8, C4<00011>;
P_000001ee43b60ed0 .param/l "INC" 1 2 7, C4<00001>;
P_000001ee43b60f08 .param/l "NEGATIVE_F" 1 2 29, +C4<00000000000000000000000000000011>;
P_000001ee43b60f40 .param/l "NOT" 1 2 16, C4<01011>;
P_000001ee43b60f78 .param/l "OR" 1 2 14, C4<01001>;
P_000001ee43b60fb0 .param/l "OVERFLOW_F" 1 2 30, +C4<00000000000000000000000000000010>;
P_000001ee43b60fe8 .param/l "PARITY_F" 1 2 31, +C4<00000000000000000000000000000001>;
P_000001ee43b61020 .param/l "RCL" 1 2 23, C4<10110>;
P_000001ee43b61058 .param/l "RCR" 1 2 24, C4<10111>;
P_000001ee43b61090 .param/l "ROL" 1 2 21, C4<10100>;
P_000001ee43b610c8 .param/l "ROR" 1 2 22, C4<10101>;
P_000001ee43b61100 .param/l "SAL" 1 2 19, C4<10010>;
P_000001ee43b61138 .param/l "SAR" 1 2 20, C4<10011>;
P_000001ee43b61170 .param/l "SHL" 1 2 17, C4<10000>;
P_000001ee43b611a8 .param/l "SHR" 1 2 18, C4<10001>;
P_000001ee43b611e0 .param/l "SUB" 1 2 11, C4<00110>;
P_000001ee43b61218 .param/l "SUB_BORROW" 1 2 12, C4<00111>;
P_000001ee43b61250 .param/l "XOR" 1 2 15, C4<01010>;
P_000001ee43b61288 .param/l "ZERO_F" 1 2 28, +C4<00000000000000000000000000000100>;
v000001ee43b5aca0_0 .net "A", 15 0, v000001ee43bb93e0_0;  1 drivers
v000001ee43b5b420_0 .net "B", 15 0, v000001ee43bba100_0;  1 drivers
v000001ee43b5a8e0_0 .net "Cin", 0 0, v000001ee43bba240_0;  1 drivers
v000001ee43b5ad40_0 .net "F", 4 0, v000001ee43bb8b20_0;  1 drivers
v000001ee43b5a020_0 .var "Result", 15 0;
v000001ee43b5b4c0_0 .var "Status", 5 0;
L_000001ee43bc0088 .functor BUFT 1, C4<0>, C4<0>, C4<0>, C4<0>;
v000001ee43b5a3e0_0 .net/2u *"_ivl_0", 0 0, L_000001ee43bc0088;  1 drivers
v000001ee43b5b740_0 .net *"_ivl_10", 4 0, L_000001ee43bb89e0;  1 drivers
v000001ee43b5bb00_0 .net *"_ivl_100", 0 0, L_000001ee43c08360;  1 drivers
v000001ee43b5ae80_0 .net *"_ivl_102", 16 0, L_000001ee43c08220;  1 drivers
L_000001ee43bc0550 .functor BUFT 1, C4<0000000000000000>, C4<0>, C4<0>, C4<0>;
v000001ee43b5b560_0 .net *"_ivl_105", 15 0, L_000001ee43bc0550;  1 drivers
L_000001ee43bc0598 .functor BUFT 1, C4<00000000000000000>, C4<0>, C4<0>, C4<0>;
v000001ee43b5b7e0_0 .net/2u *"_ivl_106", 16 0, L_000001ee43bc0598;  1 drivers
v000001ee43b5b880_0 .net *"_ivl_108", 16 0, L_000001ee43c08a40;  1 drivers
v000001ee43b5ba60_0 .net *"_ivl_112", 16 0, L_000001ee43c08ea0;  1 drivers
L_000001ee43bc05e0 .functor BUFT 1, C4<0>, C4<0>, C4<0>, C4<0>;
v000001ee43b5bba0_0 .net *"_ivl_115", 0 0, L_000001ee43bc05e0;  1 drivers
v000001ee43b59da0_0 .net *"_ivl_116", 16 0, L_000001ee43c08400;  1 drivers
L_000001ee43bc0628 .functor BUFT 1, C4<0>, C4<0>, C4<0>, C4<0>;
v000001ee43b59f80_0 .net *"_ivl_119", 0 0, L_000001ee43bc0628;  1 drivers
v000001ee43b5a200_0 .net *"_ivl_120", 16 0, L_000001ee43c08900;  1 drivers
L_000001ee43bc0670 .functor BUFT 1, C4<00111>, C4<0>, C4<0>, C4<0>;
v000001ee43b5a340_0 .net/2u *"_ivl_122", 4 0, L_000001ee43bc0670;  1 drivers
v000001ee43bb7a60_0 .net *"_ivl_124", 0 0, L_000001ee43c08cc0;  1 drivers
v000001ee43bb6b60_0 .net *"_ivl_126", 16 0, L_000001ee43c08ae0;  1 drivers
L_000001ee43bc06b8 .functor BUFT 1, C4<0000000000000000>, C4<0>, C4<0>, C4<0>;
v000001ee43bb7ba0_0 .net *"_ivl_129", 15 0, L_000001ee43bc06b8;  1 drivers
L_000001ee43bc0700 .functor BUFT 1, C4<00000000000000000>, C4<0>, C4<0>, C4<0>;
v000001ee43bb80a0_0 .net/2u *"_ivl_130", 16 0, L_000001ee43bc0700;  1 drivers
v000001ee43bb6c00_0 .net *"_ivl_132", 16 0, L_000001ee43c080e0;  1 drivers
v000001ee43bb6fc0_0 .net *"_ivl_136", 16 0, L_000001ee43c08b80;  1 drivers
L_000001ee43bc0748 .functor BUFT 1, C4<0>, C4<0>, C4<0>, C4<0>;
v000001ee43bb6ac0_0 .net *"_ivl_139", 0 0, L_000001ee43bc0748;  1 drivers
L_000001ee43bc0118 .functor BUFT 1, C4<0>, C4<0>, C4<0>, C4<0>;
v000001ee43bb8140_0 .net/2u *"_ivl_14", 0 0, L_000001ee43bc0118;  1 drivers
L_000001ee43bc0790 .functor BUFT 1, C4<00000000000000001>, C4<0>, C4<0>, C4<0>;
v000001ee43bb7240_0 .net/2u *"_ivl_140", 16 0, L_000001ee43bc0790;  1 drivers
v000001ee43bb6ca0_0 .net *"_ivl_144", 16 0, L_000001ee43c087c0;  1 drivers
L_000001ee43bc07d8 .functor BUFT 1, C4<0>, C4<0>, C4<0>, C4<0>;
v000001ee43bb7740_0 .net *"_ivl_147", 0 0, L_000001ee43bc07d8;  1 drivers
L_000001ee43bc0820 .functor BUFT 1, C4<00000000000000001>, C4<0>, C4<0>, C4<0>;
v000001ee43bb79c0_0 .net/2u *"_ivl_148", 16 0, L_000001ee43bc0820;  1 drivers
v000001ee43bb6980_0 .net *"_ivl_17", 3 0, L_000001ee43bb8bc0;  1 drivers
v000001ee43bb65c0_0 .net *"_ivl_18", 4 0, L_000001ee43bb9ac0;  1 drivers
L_000001ee43bc0160 .functor BUFT 1, C4<0>, C4<0>, C4<0>, C4<0>;
v000001ee43bb7c40_0 .net/2u *"_ivl_20", 0 0, L_000001ee43bc0160;  1 drivers
v000001ee43bb6d40_0 .net *"_ivl_23", 3 0, L_000001ee43bb8da0;  1 drivers
v000001ee43bb63e0_0 .net *"_ivl_24", 4 0, L_000001ee43bba6a0;  1 drivers
v000001ee43bb71a0_0 .net *"_ivl_26", 4 0, L_000001ee43bba420;  1 drivers
L_000001ee43bc01a8 .functor BUFT 1, C4<0000>, C4<0>, C4<0>, C4<0>;
v000001ee43bb6660_0 .net/2u *"_ivl_28", 3 0, L_000001ee43bc01a8;  1 drivers
v000001ee43bb72e0_0 .net *"_ivl_3", 3 0, L_000001ee43bb9c00;  1 drivers
v000001ee43bb6de0_0 .net *"_ivl_30", 4 0, L_000001ee43bb9d40;  1 drivers
L_000001ee43bc01f0 .functor BUFT 1, C4<0>, C4<0>, C4<0>, C4<0>;
v000001ee43bb77e0_0 .net/2u *"_ivl_34", 0 0, L_000001ee43bc01f0;  1 drivers
v000001ee43bb6840_0 .net *"_ivl_37", 3 0, L_000001ee43bb9340;  1 drivers
v000001ee43bb68e0_0 .net *"_ivl_38", 4 0, L_000001ee43bba4c0;  1 drivers
v000001ee43bb7880_0 .net *"_ivl_4", 4 0, L_000001ee43bba380;  1 drivers
L_000001ee43bc0238 .functor BUFT 1, C4<00001>, C4<0>, C4<0>, C4<0>;
v000001ee43bb6a20_0 .net/2u *"_ivl_40", 4 0, L_000001ee43bc0238;  1 drivers
L_000001ee43bc0280 .functor BUFT 1, C4<0>, C4<0>, C4<0>, C4<0>;
v000001ee43bb8000_0 .net/2u *"_ivl_44", 0 0, L_000001ee43bc0280;  1 drivers
v000001ee43bb6480_0 .net *"_ivl_47", 3 0, L_000001ee43bb9020;  1 drivers
v000001ee43bb7d80_0 .net *"_ivl_48", 4 0, L_000001ee43bba600;  1 drivers
L_000001ee43bc02c8 .functor BUFT 1, C4<0>, C4<0>, C4<0>, C4<0>;
v000001ee43bb7920_0 .net/2u *"_ivl_50", 0 0, L_000001ee43bc02c8;  1 drivers
v000001ee43bb6e80_0 .net *"_ivl_53", 3 0, L_000001ee43bb8c60;  1 drivers
v000001ee43bb7b00_0 .net *"_ivl_54", 4 0, L_000001ee43bb8800;  1 drivers
L_000001ee43bc0310 .functor BUFT 1, C4<0>, C4<0>, C4<0>, C4<0>;
v000001ee43bb7420_0 .net/2u *"_ivl_58", 0 0, L_000001ee43bc0310;  1 drivers
L_000001ee43bc00d0 .functor BUFT 1, C4<0>, C4<0>, C4<0>, C4<0>;
v000001ee43bb7ce0_0 .net/2u *"_ivl_6", 0 0, L_000001ee43bc00d0;  1 drivers
v000001ee43bb7e20_0 .net *"_ivl_61", 3 0, L_000001ee43bb9700;  1 drivers
v000001ee43bb6f20_0 .net *"_ivl_62", 4 0, L_000001ee43bb97a0;  1 drivers
L_000001ee43bc0358 .functor BUFT 1, C4<0>, C4<0>, C4<0>, C4<0>;
v000001ee43bb6520_0 .net/2u *"_ivl_64", 0 0, L_000001ee43bc0358;  1 drivers
v000001ee43bb74c0_0 .net *"_ivl_67", 3 0, L_000001ee43bb8d00;  1 drivers
v000001ee43bb6700_0 .net *"_ivl_68", 4 0, L_000001ee43bb8e40;  1 drivers
v000001ee43bb7060_0 .net *"_ivl_70", 4 0, L_000001ee43bb90c0;  1 drivers
L_000001ee43bc03a0 .functor BUFT 1, C4<0000>, C4<0>, C4<0>, C4<0>;
v000001ee43bb7600_0 .net/2u *"_ivl_72", 3 0, L_000001ee43bc03a0;  1 drivers
v000001ee43bb7ec0_0 .net *"_ivl_74", 4 0, L_000001ee43bb88a0;  1 drivers
L_000001ee43bc03e8 .functor BUFT 1, C4<0>, C4<0>, C4<0>, C4<0>;
v000001ee43bb7f60_0 .net/2u *"_ivl_78", 0 0, L_000001ee43bc03e8;  1 drivers
v000001ee43bb7100_0 .net *"_ivl_81", 3 0, L_000001ee43bb8940;  1 drivers
v000001ee43bb81e0_0 .net *"_ivl_82", 4 0, L_000001ee43bb9840;  1 drivers
L_000001ee43bc0430 .functor BUFT 1, C4<00001>, C4<0>, C4<0>, C4<0>;
v000001ee43bb7380_0 .net/2u *"_ivl_84", 4 0, L_000001ee43bc0430;  1 drivers
v000001ee43bb7560_0 .net *"_ivl_88", 16 0, L_000001ee43bb9980;  1 drivers
v000001ee43bb76a0_0 .net *"_ivl_9", 3 0, L_000001ee43bb8a80;  1 drivers
L_000001ee43bc0478 .functor BUFT 1, C4<0>, C4<0>, C4<0>, C4<0>;
v000001ee43bb8280_0 .net *"_ivl_91", 0 0, L_000001ee43bc0478;  1 drivers
v000001ee43bb67a0_0 .net *"_ivl_92", 16 0, L_000001ee43c08180;  1 drivers
L_000001ee43bc04c0 .functor BUFT 1, C4<0>, C4<0>, C4<0>, C4<0>;
v000001ee43bb9b60_0 .net *"_ivl_95", 0 0, L_000001ee43bc04c0;  1 drivers
v000001ee43bb9f20_0 .net *"_ivl_96", 16 0, L_000001ee43c089a0;  1 drivers
L_000001ee43bc0508 .functor BUFT 1, C4<00101>, C4<0>, C4<0>, C4<0>;
v000001ee43bb9160_0 .net/2u *"_ivl_98", 4 0, L_000001ee43bc0508;  1 drivers
v000001ee43bb9e80_0 .net "add_aux", 4 0, L_000001ee43bb9520;  1 drivers
v000001ee43bb9fc0_0 .net "add_carry_aux", 4 0, L_000001ee43bb9480;  1 drivers
v000001ee43bb95c0_0 .net "add_result", 16 0, L_000001ee43c08720;  1 drivers
v000001ee43bb9660_0 .net "dec_aux", 4 0, L_000001ee43bba560;  1 drivers
v000001ee43bb8f80_0 .net "dec_result", 16 0, L_000001ee43c08540;  1 drivers
v000001ee43bb9200_0 .net "inc_aux", 4 0, L_000001ee43bb98e0;  1 drivers
v000001ee43bb9a20_0 .net "inc_result", 16 0, L_000001ee43c085e0;  1 drivers
v000001ee43bba1a0_0 .net "sub_aux", 4 0, L_000001ee43bb92a0;  1 drivers
v000001ee43bba060_0 .net "sub_borrow_aux", 4 0, L_000001ee43bb9ca0;  1 drivers
v000001ee43bb8ee0_0 .net "sub_result", 16 0, L_000001ee43c084a0;  1 drivers
E_000001ee43b52600/0 .event anyedge, v000001ee43b5a020_0, v000001ee43b5ad40_0, v000001ee43bb8f80_0, v000001ee43bb8ee0_0;
E_000001ee43b52600/1 .event anyedge, v000001ee43b5aca0_0, v000001ee43b5b420_0, v000001ee43bba1a0_0, v000001ee43bba060_0;
E_000001ee43b52600/2 .event anyedge, v000001ee43bb9660_0, v000001ee43bb9a20_0, v000001ee43bb95c0_0;
E_000001ee43b52600 .event/or E_000001ee43b52600/0, E_000001ee43b52600/1, E_000001ee43b52600/2;
E_000001ee43b52700 .event anyedge, v000001ee43b5ad40_0, v000001ee43b5aca0_0, v000001ee43b5b420_0, v000001ee43b5a8e0_0;
L_000001ee43bb9c00 .part v000001ee43bb93e0_0, 0, 4;
L_000001ee43bba380 .concat [ 4 1 0 0], L_000001ee43bb9c00, L_000001ee43bc0088;
L_000001ee43bb8a80 .part v000001ee43bba100_0, 0, 4;
L_000001ee43bb89e0 .concat [ 4 1 0 0], L_000001ee43bb8a80, L_000001ee43bc00d0;
L_000001ee43bb92a0 .arith/sub 5, L_000001ee43bba380, L_000001ee43bb89e0;
L_000001ee43bb8bc0 .part v000001ee43bb93e0_0, 0, 4;
L_000001ee43bb9ac0 .concat [ 4 1 0 0], L_000001ee43bb8bc0, L_000001ee43bc0118;
L_000001ee43bb8da0 .part v000001ee43bba100_0, 0, 4;
L_000001ee43bba6a0 .concat [ 4 1 0 0], L_000001ee43bb8da0, L_000001ee43bc0160;
L_000001ee43bba420 .arith/sub 5, L_000001ee43bb9ac0, L_000001ee43bba6a0;
L_000001ee43bb9d40 .concat [ 1 4 0 0], v000001ee43bba240_0, L_000001ee43bc01a8;
L_000001ee43bb9ca0 .arith/sub 5, L_000001ee43bba420, L_000001ee43bb9d40;
L_000001ee43bb9340 .part v000001ee43bb93e0_0, 0, 4;
L_000001ee43bba4c0 .concat [ 4 1 0 0], L_000001ee43bb9340, L_000001ee43bc01f0;
L_000001ee43bba560 .arith/sub 5, L_000001ee43bba4c0, L_000001ee43bc0238;
L_000001ee43bb9020 .part v000001ee43bb93e0_0, 0, 4;
L_000001ee43bba600 .concat [ 4 1 0 0], L_000001ee43bb9020, L_000001ee43bc0280;
L_000001ee43bb8c60 .part v000001ee43bba100_0, 0, 4;
L_000001ee43bb8800 .concat [ 4 1 0 0], L_000001ee43bb8c60, L_000001ee43bc02c8;
L_000001ee43bb9520 .arith/sum 5, L_000001ee43bba600, L_000001ee43bb8800;
L_000001ee43bb9700 .part v000001ee43bb93e0_0, 0, 4;
L_000001ee43bb97a0 .concat [ 4 1 0 0], L_000001ee43bb9700, L_000001ee43bc0310;
L_000001ee43bb8d00 .part v000001ee43bba100_0, 0, 4;
L_000001ee43bb8e40 .concat [ 4 1 0 0], L_000001ee43bb8d00, L_000001ee43bc0358;
L_000001ee43bb90c0 .arith/sum 5, L_000001ee43bb97a0, L_000001ee43bb8e40;
L_000001ee43bb88a0 .concat [ 1 4 0 0], v000001ee43bba240_0, L_000001ee43bc03a0;
L_000001ee43bb9480 .arith/sum 5, L_000001ee43bb90c0, L_000001ee43bb88a0;
L_000001ee43bb8940 .part v000001ee43bb93e0_0, 0, 4;
L_000001ee43bb9840 .concat [ 4 1 0 0], L_000001ee43bb8940, L_000001ee43bc03e8;
L_000001ee43bb98e0 .arith/sum 5, L_000001ee43bb9840, L_000001ee43bc0430;
L_000001ee43bb9980 .concat [ 16 1 0 0], v000001ee43bb93e0_0, L_000001ee43bc0478;
L_000001ee43c08180 .concat [ 16 1 0 0], v000001ee43bba100_0, L_000001ee43bc04c0;
L_000001ee43c089a0 .arith/sum 17, L_000001ee43bb9980, L_000001ee43c08180;
L_000001ee43c08360 .cmp/eq 5, v000001ee43bb8b20_0, L_000001ee43bc0508;
L_000001ee43c08220 .concat [ 1 16 0 0], v000001ee43bba240_0, L_000001ee43bc0550;
L_000001ee43c08a40 .functor MUXZ 17, L_000001ee43bc0598, L_000001ee43c08220, L_000001ee43c08360, C4<>;
L_000001ee43c08720 .arith/sum 17, L_000001ee43c089a0, L_000001ee43c08a40;
L_000001ee43c08ea0 .concat [ 16 1 0 0], v000001ee43bb93e0_0, L_000001ee43bc05e0;
L_000001ee43c08400 .concat [ 16 1 0 0], v000001ee43bba100_0, L_000001ee43bc0628;
L_000001ee43c08900 .arith/sub 17, L_000001ee43c08ea0, L_000001ee43c08400;
L_000001ee43c08cc0 .cmp/eq 5, v000001ee43bb8b20_0, L_000001ee43bc0670;
L_000001ee43c08ae0 .concat [ 1 16 0 0], v000001ee43bba240_0, L_000001ee43bc06b8;
L_000001ee43c080e0 .functor MUXZ 17, L_000001ee43bc0700, L_000001ee43c08ae0, L_000001ee43c08cc0, C4<>;
L_000001ee43c084a0 .arith/sub 17, L_000001ee43c08900, L_000001ee43c080e0;
L_000001ee43c08b80 .concat [ 16 1 0 0], v000001ee43bb93e0_0, L_000001ee43bc0748;
L_000001ee43c085e0 .arith/sum 17, L_000001ee43c08b80, L_000001ee43bc0790;
L_000001ee43c087c0 .concat [ 16 1 0 0], v000001ee43bb93e0_0, L_000001ee43bc07d8;
L_000001ee43c08540 .arith/sub 17, L_000001ee43c087c0, L_000001ee43bc0820;
    .scope S_000001ee43b1b280;
T_0 ;
    %wait E_000001ee43b52700;
    %load/vec4 v000001ee43b5ad40_0;
    %dup/vec4;
    %pushi/vec4 1, 0, 5;
    %cmp/u;
    %jmp/1 T_0.0, 6;
    %dup/vec4;
    %pushi/vec4 3, 0, 5;
    %cmp/u;
    %jmp/1 T_0.1, 6;
    %dup/vec4;
    %pushi/vec4 4, 0, 5;
    %cmp/u;
    %jmp/1 T_0.2, 6;
    %dup/vec4;
    %pushi/vec4 5, 0, 5;
    %cmp/u;
    %jmp/1 T_0.3, 6;
    %dup/vec4;
    %pushi/vec4 6, 0, 5;
    %cmp/u;
    %jmp/1 T_0.4, 6;
    %dup/vec4;
    %pushi/vec4 7, 0, 5;
    %cmp/u;
    %jmp/1 T_0.5, 6;
    %dup/vec4;
    %pushi/vec4 8, 0, 5;
    %cmp/u;
    %jmp/1 T_0.6, 6;
    %dup/vec4;
    %pushi/vec4 9, 0, 5;
    %cmp/u;
    %jmp/1 T_0.7, 6;
    %dup/vec4;
    %pushi/vec4 10, 0, 5;
    %cmp/u;
    %jmp/1 T_0.8, 6;
    %dup/vec4;
    %pushi/vec4 11, 0, 5;
    %cmp/u;
    %jmp/1 T_0.9, 6;
    %dup/vec4;
    %pushi/vec4 16, 0, 5;
    %cmp/u;
    %jmp/1 T_0.10, 6;
    %dup/vec4;
    %pushi/vec4 17, 0, 5;
    %cmp/u;
    %jmp/1 T_0.11, 6;
    %dup/vec4;
    %pushi/vec4 18, 0, 5;
    %cmp/u;
    %jmp/1 T_0.12, 6;
    %dup/vec4;
    %pushi/vec4 19, 0, 5;
    %cmp/u;
    %jmp/1 T_0.13, 6;
    %dup/vec4;
    %pushi/vec4 20, 0, 5;
    %cmp/u;
    %jmp/1 T_0.14, 6;
    %dup/vec4;
    %pushi/vec4 21, 0, 5;
    %cmp/u;
    %jmp/1 T_0.15, 6;
    %dup/vec4;
    %pushi/vec4 22, 0, 5;
    %cmp/u;
    %jmp/1 T_0.16, 6;
    %dup/vec4;
    %pushi/vec4 23, 0, 5;
    %cmp/u;
    %jmp/1 T_0.17, 6;
    %pushi/vec4 0, 0, 16;
    %store/vec4 v000001ee43b5a020_0, 0, 16;
    %jmp T_0.19;
T_0.0 ;
    %load/vec4 v000001ee43b5aca0_0;
    %addi 1, 0, 16;
    %store/vec4 v000001ee43b5a020_0, 0, 16;
    %jmp T_0.19;
T_0.1 ;
    %load/vec4 v000001ee43b5aca0_0;
    %subi 1, 0, 16;
    %store/vec4 v000001ee43b5a020_0, 0, 16;
    %jmp T_0.19;
T_0.2 ;
    %load/vec4 v000001ee43b5aca0_0;
    %load/vec4 v000001ee43b5b420_0;
    %add;
    %store/vec4 v000001ee43b5a020_0, 0, 16;
    %jmp T_0.19;
T_0.3 ;
    %load/vec4 v000001ee43b5aca0_0;
    %load/vec4 v000001ee43b5b420_0;
    %add;
    %load/vec4 v000001ee43b5a8e0_0;
    %pad/u 16;
    %add;
    %store/vec4 v000001ee43b5a020_0, 0, 16;
    %jmp T_0.19;
T_0.4 ;
    %load/vec4 v000001ee43b5aca0_0;
    %load/vec4 v000001ee43b5b420_0;
    %sub;
    %store/vec4 v000001ee43b5a020_0, 0, 16;
    %jmp T_0.19;
T_0.5 ;
    %load/vec4 v000001ee43b5aca0_0;
    %load/vec4 v000001ee43b5b420_0;
    %sub;
    %load/vec4 v000001ee43b5a8e0_0;
    %pad/u 16;
    %sub;
    %store/vec4 v000001ee43b5a020_0, 0, 16;
    %jmp T_0.19;
T_0.6 ;
    %load/vec4 v000001ee43b5aca0_0;
    %load/vec4 v000001ee43b5b420_0;
    %and;
    %store/vec4 v000001ee43b5a020_0, 0, 16;
    %jmp T_0.19;
T_0.7 ;
    %load/vec4 v000001ee43b5aca0_0;
    %load/vec4 v000001ee43b5b420_0;
    %or;
    %store/vec4 v000001ee43b5a020_0, 0, 16;
    %jmp T_0.19;
T_0.8 ;
    %load/vec4 v000001ee43b5aca0_0;
    %load/vec4 v000001ee43b5b420_0;
    %xor;
    %store/vec4 v000001ee43b5a020_0, 0, 16;
    %jmp T_0.19;
T_0.9 ;
    %load/vec4 v000001ee43b5aca0_0;
    %inv;
    %store/vec4 v000001ee43b5a020_0, 0, 16;
    %jmp T_0.19;
T_0.10 ;
    %load/vec4 v000001ee43b5aca0_0;
    %ix/load 4, 1, 0;
    %flag_set/imm 4, 0;
    %shiftl 4;
    %store/vec4 v000001ee43b5a020_0, 0, 16;
    %jmp T_0.19;
T_0.11 ;
    %load/vec4 v000001ee43b5aca0_0;
    %ix/load 4, 1, 0;
    %flag_set/imm 4, 0;
    %shiftr 4;
    %store/vec4 v000001ee43b5a020_0, 0, 16;
    %jmp T_0.19;
T_0.12 ;
    %load/vec4 v000001ee43b5aca0_0;
    %ix/load 4, 1, 0;
    %flag_set/imm 4, 0;
    %shiftl 4;
    %store/vec4 v000001ee43b5a020_0, 0, 16;
    %jmp T_0.19;
T_0.13 ;
    %load/vec4 v000001ee43b5aca0_0;
    %parti/s 1, 15, 5;
    %load/vec4 v000001ee43b5aca0_0;
    %parti/s 15, 1, 2;
    %concat/vec4; draw_concat_vec4
    %store/vec4 v000001ee43b5a020_0, 0, 16;
    %jmp T_0.19;
T_0.14 ;
    %load/vec4 v000001ee43b5aca0_0;
    %parti/s 15, 0, 2;
    %load/vec4 v000001ee43b5aca0_0;
    %parti/s 1, 15, 5;
    %concat/vec4; draw_concat_vec4
    %store/vec4 v000001ee43b5a020_0, 0, 16;
    %jmp T_0.19;
T_0.15 ;
    %load/vec4 v000001ee43b5aca0_0;
    %parti/s 1, 0, 2;
    %load/vec4 v000001ee43b5aca0_0;
    %parti/s 15, 1, 2;
    %concat/vec4; draw_concat_vec4
    %store/vec4 v000001ee43b5a020_0, 0, 16;
    %jmp T_0.19;
T_0.16 ;
    %load/vec4 v000001ee43b5aca0_0;
    %parti/s 15, 0, 2;
    %load/vec4 v000001ee43b5a8e0_0;
    %concat/vec4; draw_concat_vec4
    %store/vec4 v000001ee43b5a020_0, 0, 16;
    %jmp T_0.19;
T_0.17 ;
    %load/vec4 v000001ee43b5a8e0_0;
    %load/vec4 v000001ee43b5aca0_0;
    %parti/s 15, 1, 2;
    %concat/vec4; draw_concat_vec4
    %store/vec4 v000001ee43b5a020_0, 0, 16;
    %jmp T_0.19;
T_0.19 ;
    %pop/vec4 1;
    %jmp T_0;
    .thread T_0, $push;
    .scope S_000001ee43b1b280;
T_1 ;
    %wait E_000001ee43b52600;
    %load/vec4 v000001ee43b5a020_0;
    %pushi/vec4 0, 0, 16;
    %cmp/e;
    %flag_get/vec4 4;
    %ix/load 4, 4, 0;
    %flag_set/imm 4, 0;
    %store/vec4 v000001ee43b5b4c0_0, 4, 1;
    %load/vec4 v000001ee43b5a020_0;
    %parti/s 1, 15, 5;
    %ix/load 4, 3, 0;
    %flag_set/imm 4, 0;
    %store/vec4 v000001ee43b5b4c0_0, 4, 1;
    %load/vec4 v000001ee43b5a020_0;
    %xor/r;
    %inv;
    %ix/load 4, 1, 0;
    %flag_set/imm 4, 0;
    %store/vec4 v000001ee43b5b4c0_0, 4, 1;
    %pushi/vec4 0, 0, 1;
    %ix/load 4, 5, 0;
    %flag_set/imm 4, 0;
    %store/vec4 v000001ee43b5b4c0_0, 4, 1;
    %pushi/vec4 0, 0, 1;
    %ix/load 4, 2, 0;
    %flag_set/imm 4, 0;
    %store/vec4 v000001ee43b5b4c0_0, 4, 1;
    %pushi/vec4 0, 0, 1;
    %ix/load 4, 0, 0;
    %flag_set/imm 4, 0;
    %store/vec4 v000001ee43b5b4c0_0, 4, 1;
    %load/vec4 v000001ee43b5ad40_0;
    %dup/vec4;
    %pushi/vec4 4, 0, 5;
    %cmp/u;
    %jmp/1 T_1.0, 6;
    %dup/vec4;
    %pushi/vec4 5, 0, 5;
    %cmp/u;
    %jmp/1 T_1.1, 6;
    %dup/vec4;
    %pushi/vec4 6, 0, 5;
    %cmp/u;
    %jmp/1 T_1.2, 6;
    %dup/vec4;
    %pushi/vec4 7, 0, 5;
    %cmp/u;
    %jmp/1 T_1.3, 6;
    %dup/vec4;
    %pushi/vec4 1, 0, 5;
    %cmp/u;
    %jmp/1 T_1.4, 6;
    %dup/vec4;
    %pushi/vec4 3, 0, 5;
    %cmp/u;
    %jmp/1 T_1.5, 6;
    %dup/vec4;
    %pushi/vec4 20, 0, 5;
    %cmp/u;
    %jmp/1 T_1.6, 6;
    %dup/vec4;
    %pushi/vec4 22, 0, 5;
    %cmp/u;
    %jmp/1 T_1.7, 6;
    %dup/vec4;
    %pushi/vec4 16, 0, 5;
    %cmp/u;
    %jmp/1 T_1.8, 6;
    %dup/vec4;
    %pushi/vec4 18, 0, 5;
    %cmp/u;
    %jmp/1 T_1.9, 6;
    %dup/vec4;
    %pushi/vec4 21, 0, 5;
    %cmp/u;
    %jmp/1 T_1.10, 6;
    %dup/vec4;
    %pushi/vec4 23, 0, 5;
    %cmp/u;
    %jmp/1 T_1.11, 6;
    %dup/vec4;
    %pushi/vec4 19, 0, 5;
    %cmp/u;
    %jmp/1 T_1.12, 6;
    %dup/vec4;
    %pushi/vec4 17, 0, 5;
    %cmp/u;
    %jmp/1 T_1.13, 6;
    %pushi/vec4 0, 0, 1;
    %ix/load 4, 5, 0;
    %flag_set/imm 4, 0;
    %store/vec4 v000001ee43b5b4c0_0, 4, 1;
    %pushi/vec4 0, 0, 1;
    %ix/load 4, 2, 0;
    %flag_set/imm 4, 0;
    %store/vec4 v000001ee43b5b4c0_0, 4, 1;
    %pushi/vec4 0, 0, 1;
    %ix/load 4, 0, 0;
    %flag_set/imm 4, 0;
    %store/vec4 v000001ee43b5b4c0_0, 4, 1;
    %jmp T_1.15;
T_1.0 ;
    %load/vec4 v000001ee43b5ad40_0;
    %parti/s 1, 1, 2;
    %flag_set/vec4 8;
    %jmp/0xz  T_1.16, 8;
    %load/vec4 v000001ee43b5ad40_0;
    %cmpi/e 3, 0, 5;
    %flag_mov 8, 4;
    %jmp/0 T_1.18, 8;
    %load/vec4 v000001ee43bb8f80_0;
    %parti/s 1, 16, 6;
    %jmp/1 T_1.19, 8;
T_1.18 ; End of true expr.
    %load/vec4 v000001ee43bb8ee0_0;
    %parti/s 1, 16, 6;
    %jmp/0 T_1.19, 8;
 ; End of false expr.
    %blend;
T_1.19;
    %ix/load 4, 5, 0;
    %flag_set/imm 4, 0;
    %store/vec4 v000001ee43b5b4c0_0, 4, 1;
    %load/vec4 v000001ee43b5aca0_0;
    %parti/s 1, 15, 5;
    %load/vec4 v000001ee43b5b420_0;
    %parti/s 1, 15, 5;
    %cmp/ne;
    %flag_get/vec4 4;
    %jmp/0 T_1.20, 4;
    %load/vec4 v000001ee43b5a020_0;
    %parti/s 1, 15, 5;
    %load/vec4 v000001ee43b5aca0_0;
    %parti/s 1, 15, 5;
    %cmp/ne;
    %flag_get/vec4 4;
    %and;
T_1.20;
    %ix/load 4, 2, 0;
    %flag_set/imm 4, 0;
    %store/vec4 v000001ee43b5b4c0_0, 4, 1;
    %load/vec4 v000001ee43b5ad40_0;
    %dup/vec4;
    %pushi/vec4 6, 0, 5;
    %cmp/u;
    %jmp/1 T_1.21, 6;
    %dup/vec4;
    %pushi/vec4 7, 0, 5;
    %cmp/u;
    %jmp/1 T_1.22, 6;
    %dup/vec4;
    %pushi/vec4 3, 0, 5;
    %cmp/u;
    %jmp/1 T_1.23, 6;
    %pushi/vec4 0, 0, 1;
    %ix/load 4, 0, 0;
    %flag_set/imm 4, 0;
    %store/vec4 v000001ee43b5b4c0_0, 4, 1;
    %jmp T_1.25;
T_1.21 ;
    %load/vec4 v000001ee43bba1a0_0;
    %parti/s 1, 4, 4;
    %ix/load 4, 0, 0;
    %flag_set/imm 4, 0;
    %store/vec4 v000001ee43b5b4c0_0, 4, 1;
    %jmp T_1.25;
T_1.22 ;
    %load/vec4 v000001ee43bba060_0;
    %parti/s 1, 4, 4;
    %ix/load 4, 0, 0;
    %flag_set/imm 4, 0;
    %store/vec4 v000001ee43b5b4c0_0, 4, 1;
    %jmp T_1.25;
T_1.23 ;
    %load/vec4 v000001ee43bb9660_0;
    %parti/s 1, 4, 4;
    %ix/load 4, 0, 0;
    %flag_set/imm 4, 0;
    %store/vec4 v000001ee43b5b4c0_0, 4, 1;
    %jmp T_1.25;
T_1.25 ;
    %pop/vec4 1;
    %jmp T_1.17;
T_1.16 ;
    %load/vec4 v000001ee43b5ad40_0;
    %cmpi/e 1, 0, 5;
    %flag_mov 8, 4;
    %jmp/0 T_1.26, 8;
    %load/vec4 v000001ee43bb9a20_0;
    %parti/s 1, 16, 6;
    %jmp/1 T_1.27, 8;
T_1.26 ; End of true expr.
    %load/vec4 v000001ee43bb95c0_0;
    %parti/s 1, 16, 6;
    %jmp/0 T_1.27, 8;
 ; End of false expr.
    %blend;
T_1.27;
    %ix/load 4, 5, 0;
    %flag_set/imm 4, 0;
    %store/vec4 v000001ee43b5b4c0_0, 4, 1;
    %load/vec4 v000001ee43b5aca0_0;
    %parti/s 1, 15, 5;
    %load/vec4 v000001ee43b5b420_0;
    %parti/s 1, 15, 5;
    %cmp/e;
    %flag_get/vec4 4;
    %jmp/0 T_1.28, 4;
    %load/vec4 v000001ee43b5a020_0;
    %parti/s 1, 15, 5;
    %load/vec4 v000001ee43b5aca0_0;
    %parti/s 1, 15, 5;
    %cmp/ne;
    %flag_get/vec4 4;
    %and;
T_1.28;
    %ix/load 4, 2, 0;
    %flag_set/imm 4, 0;
    %store/vec4 v000001ee43b5b4c0_0, 4, 1;
    %load/vec4 v000001ee43b5ad40_0;
    %cmpi/e 1, 0, 5;
    %flag_mov 8, 4;
    %jmp/0 T_1.29, 8;
    %load/vec4 v000001ee43bb9a20_0;
    %parti/s 1, 4, 4;
    %jmp/1 T_1.30, 8;
T_1.29 ; End of true expr.
    %load/vec4 v000001ee43bb95c0_0;
    %parti/s 1, 4, 4;
    %jmp/0 T_1.30, 8;
 ; End of false expr.
    %blend;
T_1.30;
    %ix/load 4, 0, 0;
    %flag_set/imm 4, 0;
    %store/vec4 v000001ee43b5b4c0_0, 4, 1;
T_1.17 ;
    %jmp T_1.15;
T_1.1 ;
    %load/vec4 v000001ee43b5ad40_0;
    %parti/s 1, 1, 2;
    %flag_set/vec4 8;
    %jmp/0xz  T_1.31, 8;
    %load/vec4 v000001ee43b5ad40_0;
    %cmpi/e 3, 0, 5;
    %flag_mov 8, 4;
    %jmp/0 T_1.33, 8;
    %load/vec4 v000001ee43bb8f80_0;
    %parti/s 1, 16, 6;
    %jmp/1 T_1.34, 8;
T_1.33 ; End of true expr.
    %load/vec4 v000001ee43bb8ee0_0;
    %parti/s 1, 16, 6;
    %jmp/0 T_1.34, 8;
 ; End of false expr.
    %blend;
T_1.34;
    %ix/load 4, 5, 0;
    %flag_set/imm 4, 0;
    %store/vec4 v000001ee43b5b4c0_0, 4, 1;
    %load/vec4 v000001ee43b5aca0_0;
    %parti/s 1, 15, 5;
    %load/vec4 v000001ee43b5b420_0;
    %parti/s 1, 15, 5;
    %cmp/ne;
    %flag_get/vec4 4;
    %jmp/0 T_1.35, 4;
    %load/vec4 v000001ee43b5a020_0;
    %parti/s 1, 15, 5;
    %load/vec4 v000001ee43b5aca0_0;
    %parti/s 1, 15, 5;
    %cmp/ne;
    %flag_get/vec4 4;
    %and;
T_1.35;
    %ix/load 4, 2, 0;
    %flag_set/imm 4, 0;
    %store/vec4 v000001ee43b5b4c0_0, 4, 1;
    %load/vec4 v000001ee43b5ad40_0;
    %dup/vec4;
    %pushi/vec4 6, 0, 5;
    %cmp/u;
    %jmp/1 T_1.36, 6;
    %dup/vec4;
    %pushi/vec4 7, 0, 5;
    %cmp/u;
    %jmp/1 T_1.37, 6;
    %dup/vec4;
    %pushi/vec4 3, 0, 5;
    %cmp/u;
    %jmp/1 T_1.38, 6;
    %pushi/vec4 0, 0, 1;
    %ix/load 4, 0, 0;
    %flag_set/imm 4, 0;
    %store/vec4 v000001ee43b5b4c0_0, 4, 1;
    %jmp T_1.40;
T_1.36 ;
    %load/vec4 v000001ee43bba1a0_0;
    %parti/s 1, 4, 4;
    %ix/load 4, 0, 0;
    %flag_set/imm 4, 0;
    %store/vec4 v000001ee43b5b4c0_0, 4, 1;
    %jmp T_1.40;
T_1.37 ;
    %load/vec4 v000001ee43bba060_0;
    %parti/s 1, 4, 4;
    %ix/load 4, 0, 0;
    %flag_set/imm 4, 0;
    %store/vec4 v000001ee43b5b4c0_0, 4, 1;
    %jmp T_1.40;
T_1.38 ;
    %load/vec4 v000001ee43bb9660_0;
    %parti/s 1, 4, 4;
    %ix/load 4, 0, 0;
    %flag_set/imm 4, 0;
    %store/vec4 v000001ee43b5b4c0_0, 4, 1;
    %jmp T_1.40;
T_1.40 ;
    %pop/vec4 1;
    %jmp T_1.32;
T_1.31 ;
    %load/vec4 v000001ee43b5ad40_0;
    %cmpi/e 1, 0, 5;
    %flag_mov 8, 4;
    %jmp/0 T_1.41, 8;
    %load/vec4 v000001ee43bb9a20_0;
    %parti/s 1, 16, 6;
    %jmp/1 T_1.42, 8;
T_1.41 ; End of true expr.
    %load/vec4 v000001ee43bb95c0_0;
    %parti/s 1, 16, 6;
    %jmp/0 T_1.42, 8;
 ; End of false expr.
    %blend;
T_1.42;
    %ix/load 4, 5, 0;
    %flag_set/imm 4, 0;
    %store/vec4 v000001ee43b5b4c0_0, 4, 1;
    %load/vec4 v000001ee43b5aca0_0;
    %parti/s 1, 15, 5;
    %load/vec4 v000001ee43b5b420_0;
    %parti/s 1, 15, 5;
    %cmp/e;
    %flag_get/vec4 4;
    %jmp/0 T_1.43, 4;
    %load/vec4 v000001ee43b5a020_0;
    %parti/s 1, 15, 5;
    %load/vec4 v000001ee43b5aca0_0;
    %parti/s 1, 15, 5;
    %cmp/ne;
    %flag_get/vec4 4;
    %and;
T_1.43;
    %ix/load 4, 2, 0;
    %flag_set/imm 4, 0;
    %store/vec4 v000001ee43b5b4c0_0, 4, 1;
    %load/vec4 v000001ee43b5ad40_0;
    %cmpi/e 1, 0, 5;
    %flag_mov 8, 4;
    %jmp/0 T_1.44, 8;
    %load/vec4 v000001ee43bb9a20_0;
    %parti/s 1, 4, 4;
    %jmp/1 T_1.45, 8;
T_1.44 ; End of true expr.
    %load/vec4 v000001ee43bb95c0_0;
    %parti/s 1, 4, 4;
    %jmp/0 T_1.45, 8;
 ; End of false expr.
    %blend;
T_1.45;
    %ix/load 4, 0, 0;
    %flag_set/imm 4, 0;
    %store/vec4 v000001ee43b5b4c0_0, 4, 1;
T_1.32 ;
    %jmp T_1.15;
T_1.2 ;
    %load/vec4 v000001ee43b5ad40_0;
    %parti/s 1, 1, 2;
    %flag_set/vec4 8;
    %jmp/0xz  T_1.46, 8;
    %load/vec4 v000001ee43b5ad40_0;
    %cmpi/e 3, 0, 5;
    %flag_mov 8, 4;
    %jmp/0 T_1.48, 8;
    %load/vec4 v000001ee43bb8f80_0;
    %parti/s 1, 16, 6;
    %jmp/1 T_1.49, 8;
T_1.48 ; End of true expr.
    %load/vec4 v000001ee43bb8ee0_0;
    %parti/s 1, 16, 6;
    %jmp/0 T_1.49, 8;
 ; End of false expr.
    %blend;
T_1.49;
    %ix/load 4, 5, 0;
    %flag_set/imm 4, 0;
    %store/vec4 v000001ee43b5b4c0_0, 4, 1;
    %load/vec4 v000001ee43b5aca0_0;
    %parti/s 1, 15, 5;
    %load/vec4 v000001ee43b5b420_0;
    %parti/s 1, 15, 5;
    %cmp/ne;
    %flag_get/vec4 4;
    %jmp/0 T_1.50, 4;
    %load/vec4 v000001ee43b5a020_0;
    %parti/s 1, 15, 5;
    %load/vec4 v000001ee43b5aca0_0;
    %parti/s 1, 15, 5;
    %cmp/ne;
    %flag_get/vec4 4;
    %and;
T_1.50;
    %ix/load 4, 2, 0;
    %flag_set/imm 4, 0;
    %store/vec4 v000001ee43b5b4c0_0, 4, 1;
    %load/vec4 v000001ee43b5ad40_0;
    %dup/vec4;
    %pushi/vec4 6, 0, 5;
    %cmp/u;
    %jmp/1 T_1.51, 6;
    %dup/vec4;
    %pushi/vec4 7, 0, 5;
    %cmp/u;
    %jmp/1 T_1.52, 6;
    %dup/vec4;
    %pushi/vec4 3, 0, 5;
    %cmp/u;
    %jmp/1 T_1.53, 6;
    %pushi/vec4 0, 0, 1;
    %ix/load 4, 0, 0;
    %flag_set/imm 4, 0;
    %store/vec4 v000001ee43b5b4c0_0, 4, 1;
    %jmp T_1.55;
T_1.51 ;
    %load/vec4 v000001ee43bba1a0_0;
    %parti/s 1, 4, 4;
    %ix/load 4, 0, 0;
    %flag_set/imm 4, 0;
    %store/vec4 v000001ee43b5b4c0_0, 4, 1;
    %jmp T_1.55;
T_1.52 ;
    %load/vec4 v000001ee43bba060_0;
    %parti/s 1, 4, 4;
    %ix/load 4, 0, 0;
    %flag_set/imm 4, 0;
    %store/vec4 v000001ee43b5b4c0_0, 4, 1;
    %jmp T_1.55;
T_1.53 ;
    %load/vec4 v000001ee43bb9660_0;
    %parti/s 1, 4, 4;
    %ix/load 4, 0, 0;
    %flag_set/imm 4, 0;
    %store/vec4 v000001ee43b5b4c0_0, 4, 1;
    %jmp T_1.55;
T_1.55 ;
    %pop/vec4 1;
    %jmp T_1.47;
T_1.46 ;
    %load/vec4 v000001ee43b5ad40_0;
    %cmpi/e 1, 0, 5;
    %flag_mov 8, 4;
    %jmp/0 T_1.56, 8;
    %load/vec4 v000001ee43bb9a20_0;
    %parti/s 1, 16, 6;
    %jmp/1 T_1.57, 8;
T_1.56 ; End of true expr.
    %load/vec4 v000001ee43bb95c0_0;
    %parti/s 1, 16, 6;
    %jmp/0 T_1.57, 8;
 ; End of false expr.
    %blend;
T_1.57;
    %ix/load 4, 5, 0;
    %flag_set/imm 4, 0;
    %store/vec4 v000001ee43b5b4c0_0, 4, 1;
    %load/vec4 v000001ee43b5aca0_0;
    %parti/s 1, 15, 5;
    %load/vec4 v000001ee43b5b420_0;
    %parti/s 1, 15, 5;
    %cmp/e;
    %flag_get/vec4 4;
    %jmp/0 T_1.58, 4;
    %load/vec4 v000001ee43b5a020_0;
    %parti/s 1, 15, 5;
    %load/vec4 v000001ee43b5aca0_0;
    %parti/s 1, 15, 5;
    %cmp/ne;
    %flag_get/vec4 4;
    %and;
T_1.58;
    %ix/load 4, 2, 0;
    %flag_set/imm 4, 0;
    %store/vec4 v000001ee43b5b4c0_0, 4, 1;
    %load/vec4 v000001ee43b5ad40_0;
    %cmpi/e 1, 0, 5;
    %flag_mov 8, 4;
    %jmp/0 T_1.59, 8;
    %load/vec4 v000001ee43bb9a20_0;
    %parti/s 1, 4, 4;
    %jmp/1 T_1.60, 8;
T_1.59 ; End of true expr.
    %load/vec4 v000001ee43bb95c0_0;
    %parti/s 1, 4, 4;
    %jmp/0 T_1.60, 8;
 ; End of false expr.
    %blend;
T_1.60;
    %ix/load 4, 0, 0;
    %flag_set/imm 4, 0;
    %store/vec4 v000001ee43b5b4c0_0, 4, 1;
T_1.47 ;
    %jmp T_1.15;
T_1.3 ;
    %load/vec4 v000001ee43b5ad40_0;
    %parti/s 1, 1, 2;
    %flag_set/vec4 8;
    %jmp/0xz  T_1.61, 8;
    %load/vec4 v000001ee43b5ad40_0;
    %cmpi/e 3, 0, 5;
    %flag_mov 8, 4;
    %jmp/0 T_1.63, 8;
    %load/vec4 v000001ee43bb8f80_0;
    %parti/s 1, 16, 6;
    %jmp/1 T_1.64, 8;
T_1.63 ; End of true expr.
    %load/vec4 v000001ee43bb8ee0_0;
    %parti/s 1, 16, 6;
    %jmp/0 T_1.64, 8;
 ; End of false expr.
    %blend;
T_1.64;
    %ix/load 4, 5, 0;
    %flag_set/imm 4, 0;
    %store/vec4 v000001ee43b5b4c0_0, 4, 1;
    %load/vec4 v000001ee43b5aca0_0;
    %parti/s 1, 15, 5;
    %load/vec4 v000001ee43b5b420_0;
    %parti/s 1, 15, 5;
    %cmp/ne;
    %flag_get/vec4 4;
    %jmp/0 T_1.65, 4;
    %load/vec4 v000001ee43b5a020_0;
    %parti/s 1, 15, 5;
    %load/vec4 v000001ee43b5aca0_0;
    %parti/s 1, 15, 5;
    %cmp/ne;
    %flag_get/vec4 4;
    %and;
T_1.65;
    %ix/load 4, 2, 0;
    %flag_set/imm 4, 0;
    %store/vec4 v000001ee43b5b4c0_0, 4, 1;
    %load/vec4 v000001ee43b5ad40_0;
    %dup/vec4;
    %pushi/vec4 6, 0, 5;
    %cmp/u;
    %jmp/1 T_1.66, 6;
    %dup/vec4;
    %pushi/vec4 7, 0, 5;
    %cmp/u;
    %jmp/1 T_1.67, 6;
    %dup/vec4;
    %pushi/vec4 3, 0, 5;
    %cmp/u;
    %jmp/1 T_1.68, 6;
    %pushi/vec4 0, 0, 1;
    %ix/load 4, 0, 0;
    %flag_set/imm 4, 0;
    %store/vec4 v000001ee43b5b4c0_0, 4, 1;
    %jmp T_1.70;
T_1.66 ;
    %load/vec4 v000001ee43bba1a0_0;
    %parti/s 1, 4, 4;
    %ix/load 4, 0, 0;
    %flag_set/imm 4, 0;
    %store/vec4 v000001ee43b5b4c0_0, 4, 1;
    %jmp T_1.70;
T_1.67 ;
    %load/vec4 v000001ee43bba060_0;
    %parti/s 1, 4, 4;
    %ix/load 4, 0, 0;
    %flag_set/imm 4, 0;
    %store/vec4 v000001ee43b5b4c0_0, 4, 1;
    %jmp T_1.70;
T_1.68 ;
    %load/vec4 v000001ee43bb9660_0;
    %parti/s 1, 4, 4;
    %ix/load 4, 0, 0;
    %flag_set/imm 4, 0;
    %store/vec4 v000001ee43b5b4c0_0, 4, 1;
    %jmp T_1.70;
T_1.70 ;
    %pop/vec4 1;
    %jmp T_1.62;
T_1.61 ;
    %load/vec4 v000001ee43b5ad40_0;
    %cmpi/e 1, 0, 5;
    %flag_mov 8, 4;
    %jmp/0 T_1.71, 8;
    %load/vec4 v000001ee43bb9a20_0;
    %parti/s 1, 16, 6;
    %jmp/1 T_1.72, 8;
T_1.71 ; End of true expr.
    %load/vec4 v000001ee43bb95c0_0;
    %parti/s 1, 16, 6;
    %jmp/0 T_1.72, 8;
 ; End of false expr.
    %blend;
T_1.72;
    %ix/load 4, 5, 0;
    %flag_set/imm 4, 0;
    %store/vec4 v000001ee43b5b4c0_0, 4, 1;
    %load/vec4 v000001ee43b5aca0_0;
    %parti/s 1, 15, 5;
    %load/vec4 v000001ee43b5b420_0;
    %parti/s 1, 15, 5;
    %cmp/e;
    %flag_get/vec4 4;
    %jmp/0 T_1.73, 4;
    %load/vec4 v000001ee43b5a020_0;
    %parti/s 1, 15, 5;
    %load/vec4 v000001ee43b5aca0_0;
    %parti/s 1, 15, 5;
    %cmp/ne;
    %flag_get/vec4 4;
    %and;
T_1.73;
    %ix/load 4, 2, 0;
    %flag_set/imm 4, 0;
    %store/vec4 v000001ee43b5b4c0_0, 4, 1;
    %load/vec4 v000001ee43b5ad40_0;
    %cmpi/e 1, 0, 5;
    %flag_mov 8, 4;
    %jmp/0 T_1.74, 8;
    %load/vec4 v000001ee43bb9a20_0;
    %parti/s 1, 4, 4;
    %jmp/1 T_1.75, 8;
T_1.74 ; End of true expr.
    %load/vec4 v000001ee43bb95c0_0;
    %parti/s 1, 4, 4;
    %jmp/0 T_1.75, 8;
 ; End of false expr.
    %blend;
T_1.75;
    %ix/load 4, 0, 0;
    %flag_set/imm 4, 0;
    %store/vec4 v000001ee43b5b4c0_0, 4, 1;
T_1.62 ;
    %jmp T_1.15;
T_1.4 ;
    %load/vec4 v000001ee43b5ad40_0;
    %parti/s 1, 1, 2;
    %flag_set/vec4 8;
    %jmp/0xz  T_1.76, 8;
    %load/vec4 v000001ee43b5ad40_0;
    %cmpi/e 3, 0, 5;
    %flag_mov 8, 4;
    %jmp/0 T_1.78, 8;
    %load/vec4 v000001ee43bb8f80_0;
    %parti/s 1, 16, 6;
    %jmp/1 T_1.79, 8;
T_1.78 ; End of true expr.
    %load/vec4 v000001ee43bb8ee0_0;
    %parti/s 1, 16, 6;
    %jmp/0 T_1.79, 8;
 ; End of false expr.
    %blend;
T_1.79;
    %ix/load 4, 5, 0;
    %flag_set/imm 4, 0;
    %store/vec4 v000001ee43b5b4c0_0, 4, 1;
    %load/vec4 v000001ee43b5aca0_0;
    %parti/s 1, 15, 5;
    %load/vec4 v000001ee43b5b420_0;
    %parti/s 1, 15, 5;
    %cmp/ne;
    %flag_get/vec4 4;
    %jmp/0 T_1.80, 4;
    %load/vec4 v000001ee43b5a020_0;
    %parti/s 1, 15, 5;
    %load/vec4 v000001ee43b5aca0_0;
    %parti/s 1, 15, 5;
    %cmp/ne;
    %flag_get/vec4 4;
    %and;
T_1.80;
    %ix/load 4, 2, 0;
    %flag_set/imm 4, 0;
    %store/vec4 v000001ee43b5b4c0_0, 4, 1;
    %load/vec4 v000001ee43b5ad40_0;
    %dup/vec4;
    %pushi/vec4 6, 0, 5;
    %cmp/u;
    %jmp/1 T_1.81, 6;
    %dup/vec4;
    %pushi/vec4 7, 0, 5;
    %cmp/u;
    %jmp/1 T_1.82, 6;
    %dup/vec4;
    %pushi/vec4 3, 0, 5;
    %cmp/u;
    %jmp/1 T_1.83, 6;
    %pushi/vec4 0, 0, 1;
    %ix/load 4, 0, 0;
    %flag_set/imm 4, 0;
    %store/vec4 v000001ee43b5b4c0_0, 4, 1;
    %jmp T_1.85;
T_1.81 ;
    %load/vec4 v000001ee43bba1a0_0;
    %parti/s 1, 4, 4;
    %ix/load 4, 0, 0;
    %flag_set/imm 4, 0;
    %store/vec4 v000001ee43b5b4c0_0, 4, 1;
    %jmp T_1.85;
T_1.82 ;
    %load/vec4 v000001ee43bba060_0;
    %parti/s 1, 4, 4;
    %ix/load 4, 0, 0;
    %flag_set/imm 4, 0;
    %store/vec4 v000001ee43b5b4c0_0, 4, 1;
    %jmp T_1.85;
T_1.83 ;
    %load/vec4 v000001ee43bb9660_0;
    %parti/s 1, 4, 4;
    %ix/load 4, 0, 0;
    %flag_set/imm 4, 0;
    %store/vec4 v000001ee43b5b4c0_0, 4, 1;
    %jmp T_1.85;
T_1.85 ;
    %pop/vec4 1;
    %jmp T_1.77;
T_1.76 ;
    %load/vec4 v000001ee43b5ad40_0;
    %cmpi/e 1, 0, 5;
    %flag_mov 8, 4;
    %jmp/0 T_1.86, 8;
    %load/vec4 v000001ee43bb9a20_0;
    %parti/s 1, 16, 6;
    %jmp/1 T_1.87, 8;
T_1.86 ; End of true expr.
    %load/vec4 v000001ee43bb95c0_0;
    %parti/s 1, 16, 6;
    %jmp/0 T_1.87, 8;
 ; End of false expr.
    %blend;
T_1.87;
    %ix/load 4, 5, 0;
    %flag_set/imm 4, 0;
    %store/vec4 v000001ee43b5b4c0_0, 4, 1;
    %load/vec4 v000001ee43b5aca0_0;
    %parti/s 1, 15, 5;
    %load/vec4 v000001ee43b5b420_0;
    %parti/s 1, 15, 5;
    %cmp/e;
    %flag_get/vec4 4;
    %jmp/0 T_1.88, 4;
    %load/vec4 v000001ee43b5a020_0;
    %parti/s 1, 15, 5;
    %load/vec4 v000001ee43b5aca0_0;
    %parti/s 1, 15, 5;
    %cmp/ne;
    %flag_get/vec4 4;
    %and;
T_1.88;
    %ix/load 4, 2, 0;
    %flag_set/imm 4, 0;
    %store/vec4 v000001ee43b5b4c0_0, 4, 1;
    %load/vec4 v000001ee43b5ad40_0;
    %cmpi/e 1, 0, 5;
    %flag_mov 8, 4;
    %jmp/0 T_1.89, 8;
    %load/vec4 v000001ee43bb9a20_0;
    %parti/s 1, 4, 4;
    %jmp/1 T_1.90, 8;
T_1.89 ; End of true expr.
    %load/vec4 v000001ee43bb95c0_0;
    %parti/s 1, 4, 4;
    %jmp/0 T_1.90, 8;
 ; End of false expr.
    %blend;
T_1.90;
    %ix/load 4, 0, 0;
    %flag_set/imm 4, 0;
    %store/vec4 v000001ee43b5b4c0_0, 4, 1;
T_1.77 ;
    %jmp T_1.15;
T_1.5 ;
    %load/vec4 v000001ee43b5ad40_0;
    %parti/s 1, 1, 2;
    %flag_set/vec4 8;
    %jmp/0xz  T_1.91, 8;
    %load/vec4 v000001ee43b5ad40_0;
    %cmpi/e 3, 0, 5;
    %flag_mov 8, 4;
    %jmp/0 T_1.93, 8;
    %load/vec4 v000001ee43bb8f80_0;
    %parti/s 1, 16, 6;
    %jmp/1 T_1.94, 8;
T_1.93 ; End of true expr.
    %load/vec4 v000001ee43bb8ee0_0;
    %parti/s 1, 16, 6;
    %jmp/0 T_1.94, 8;
 ; End of false expr.
    %blend;
T_1.94;
    %ix/load 4, 5, 0;
    %flag_set/imm 4, 0;
    %store/vec4 v000001ee43b5b4c0_0, 4, 1;
    %load/vec4 v000001ee43b5aca0_0;
    %parti/s 1, 15, 5;
    %load/vec4 v000001ee43b5b420_0;
    %parti/s 1, 15, 5;
    %cmp/ne;
    %flag_get/vec4 4;
    %jmp/0 T_1.95, 4;
    %load/vec4 v000001ee43b5a020_0;
    %parti/s 1, 15, 5;
    %load/vec4 v000001ee43b5aca0_0;
    %parti/s 1, 15, 5;
    %cmp/ne;
    %flag_get/vec4 4;
    %and;
T_1.95;
    %ix/load 4, 2, 0;
    %flag_set/imm 4, 0;
    %store/vec4 v000001ee43b5b4c0_0, 4, 1;
    %load/vec4 v000001ee43b5ad40_0;
    %dup/vec4;
    %pushi/vec4 6, 0, 5;
    %cmp/u;
    %jmp/1 T_1.96, 6;
    %dup/vec4;
    %pushi/vec4 7, 0, 5;
    %cmp/u;
    %jmp/1 T_1.97, 6;
    %dup/vec4;
    %pushi/vec4 3, 0, 5;
    %cmp/u;
    %jmp/1 T_1.98, 6;
    %pushi/vec4 0, 0, 1;
    %ix/load 4, 0, 0;
    %flag_set/imm 4, 0;
    %store/vec4 v000001ee43b5b4c0_0, 4, 1;
    %jmp T_1.100;
T_1.96 ;
    %load/vec4 v000001ee43bba1a0_0;
    %parti/s 1, 4, 4;
    %ix/load 4, 0, 0;
    %flag_set/imm 4, 0;
    %store/vec4 v000001ee43b5b4c0_0, 4, 1;
    %jmp T_1.100;
T_1.97 ;
    %load/vec4 v000001ee43bba060_0;
    %parti/s 1, 4, 4;
    %ix/load 4, 0, 0;
    %flag_set/imm 4, 0;
    %store/vec4 v000001ee43b5b4c0_0, 4, 1;
    %jmp T_1.100;
T_1.98 ;
    %load/vec4 v000001ee43bb9660_0;
    %parti/s 1, 4, 4;
    %ix/load 4, 0, 0;
    %flag_set/imm 4, 0;
    %store/vec4 v000001ee43b5b4c0_0, 4, 1;
    %jmp T_1.100;
T_1.100 ;
    %pop/vec4 1;
    %jmp T_1.92;
T_1.91 ;
    %load/vec4 v000001ee43b5ad40_0;
    %cmpi/e 1, 0, 5;
    %flag_mov 8, 4;
    %jmp/0 T_1.101, 8;
    %load/vec4 v000001ee43bb9a20_0;
    %parti/s 1, 16, 6;
    %jmp/1 T_1.102, 8;
T_1.101 ; End of true expr.
    %load/vec4 v000001ee43bb95c0_0;
    %parti/s 1, 16, 6;
    %jmp/0 T_1.102, 8;
 ; End of false expr.
    %blend;
T_1.102;
    %ix/load 4, 5, 0;
    %flag_set/imm 4, 0;
    %store/vec4 v000001ee43b5b4c0_0, 4, 1;
    %load/vec4 v000001ee43b5aca0_0;
    %parti/s 1, 15, 5;
    %load/vec4 v000001ee43b5b420_0;
    %parti/s 1, 15, 5;
    %cmp/e;
    %flag_get/vec4 4;
    %jmp/0 T_1.103, 4;
    %load/vec4 v000001ee43b5a020_0;
    %parti/s 1, 15, 5;
    %load/vec4 v000001ee43b5aca0_0;
    %parti/s 1, 15, 5;
    %cmp/ne;
    %flag_get/vec4 4;
    %and;
T_1.103;
    %ix/load 4, 2, 0;
    %flag_set/imm 4, 0;
    %store/vec4 v000001ee43b5b4c0_0, 4, 1;
    %load/vec4 v000001ee43b5ad40_0;
    %cmpi/e 1, 0, 5;
    %flag_mov 8, 4;
    %jmp/0 T_1.104, 8;
    %load/vec4 v000001ee43bb9a20_0;
    %parti/s 1, 4, 4;
    %jmp/1 T_1.105, 8;
T_1.104 ; End of true expr.
    %load/vec4 v000001ee43bb95c0_0;
    %parti/s 1, 4, 4;
    %jmp/0 T_1.105, 8;
 ; End of false expr.
    %blend;
T_1.105;
    %ix/load 4, 0, 0;
    %flag_set/imm 4, 0;
    %store/vec4 v000001ee43b5b4c0_0, 4, 1;
T_1.92 ;
    %jmp T_1.15;
T_1.6 ;
    %load/vec4 v000001ee43b5aca0_0;
    %parti/s 1, 15, 5;
    %ix/load 4, 5, 0;
    %flag_set/imm 4, 0;
    %store/vec4 v000001ee43b5b4c0_0, 4, 1;
    %jmp T_1.15;
T_1.7 ;
    %load/vec4 v000001ee43b5aca0_0;
    %parti/s 1, 15, 5;
    %ix/load 4, 5, 0;
    %flag_set/imm 4, 0;
    %store/vec4 v000001ee43b5b4c0_0, 4, 1;
    %jmp T_1.15;
T_1.8 ;
    %load/vec4 v000001ee43b5aca0_0;
    %parti/s 1, 15, 5;
    %ix/load 4, 5, 0;
    %flag_set/imm 4, 0;
    %store/vec4 v000001ee43b5b4c0_0, 4, 1;
    %jmp T_1.15;
T_1.9 ;
    %load/vec4 v000001ee43b5aca0_0;
    %parti/s 1, 15, 5;
    %ix/load 4, 5, 0;
    %flag_set/imm 4, 0;
    %store/vec4 v000001ee43b5b4c0_0, 4, 1;
    %jmp T_1.15;
T_1.10 ;
    %load/vec4 v000001ee43b5aca0_0;
    %parti/s 1, 0, 2;
    %ix/load 4, 5, 0;
    %flag_set/imm 4, 0;
    %store/vec4 v000001ee43b5b4c0_0, 4, 1;
    %jmp T_1.15;
T_1.11 ;
    %load/vec4 v000001ee43b5aca0_0;
    %parti/s 1, 0, 2;
    %ix/load 4, 5, 0;
    %flag_set/imm 4, 0;
    %store/vec4 v000001ee43b5b4c0_0, 4, 1;
    %jmp T_1.15;
T_1.12 ;
    %load/vec4 v000001ee43b5aca0_0;
    %parti/s 1, 0, 2;
    %ix/load 4, 5, 0;
    %flag_set/imm 4, 0;
    %store/vec4 v000001ee43b5b4c0_0, 4, 1;
    %jmp T_1.15;
T_1.13 ;
    %load/vec4 v000001ee43b5aca0_0;
    %parti/s 1, 0, 2;
    %ix/load 4, 5, 0;
    %flag_set/imm 4, 0;
    %store/vec4 v000001ee43b5b4c0_0, 4, 1;
    %jmp T_1.15;
T_1.15 ;
    %pop/vec4 1;
    %jmp T_1;
    .thread T_1, $push;
    .scope S_000001ee43b598f0;
T_2 ;
    %delay 320, 0;
    %vpi_call 2 123 "$finish" {0 0 0};
    %end;
    .thread T_2;
    .scope S_000001ee43b598f0;
T_3 ;
    %vpi_call 2 126 "$dumpfile", "ALU_TESTBENCH.vcd" {0 0 0};
    %vpi_call 2 127 "$dumpvars", 32'sb00000000000000000000000000000000, S_000001ee43b598f0 {0 0 0};
    %end;
    .thread T_3;
    .scope S_000001ee43b598f0;
T_4 ;
    %fork t_1, S_000001ee43b598f0;
    %fork t_2, S_000001ee43b598f0;
    %fork t_3, S_000001ee43b598f0;
    %fork t_4, S_000001ee43b598f0;
    %fork t_5, S_000001ee43b598f0;
    %fork t_6, S_000001ee43b598f0;
    %fork t_7, S_000001ee43b598f0;
    %fork t_8, S_000001ee43b598f0;
    %fork t_9, S_000001ee43b598f0;
    %fork t_10, S_000001ee43b598f0;
    %fork t_11, S_000001ee43b598f0;
    %fork t_12, S_000001ee43b598f0;
    %fork t_13, S_000001ee43b598f0;
    %fork t_14, S_000001ee43b598f0;
    %fork t_15, S_000001ee43b598f0;
    %fork t_16, S_000001ee43b598f0;
    %fork t_17, S_000001ee43b598f0;
    %fork t_18, S_000001ee43b598f0;
    %fork t_19, S_000001ee43b598f0;
    %fork t_20, S_000001ee43b598f0;
    %fork t_21, S_000001ee43b598f0;
    %fork t_22, S_000001ee43b598f0;
    %fork t_23, S_000001ee43b598f0;
    %fork t_24, S_000001ee43b598f0;
    %fork t_25, S_000001ee43b598f0;
    %fork t_26, S_000001ee43b598f0;
    %fork t_27, S_000001ee43b598f0;
    %fork t_28, S_000001ee43b598f0;
    %fork t_29, S_000001ee43b598f0;
    %fork t_30, S_000001ee43b598f0;
    %fork t_31, S_000001ee43b598f0;
    %join;
    %join;
    %join;
    %join;
    %join;
    %join;
    %join;
    %join;
    %join;
    %join;
    %join;
    %join;
    %join;
    %join;
    %join;
    %join;
    %join;
    %join;
    %join;
    %join;
    %join;
    %join;
    %join;
    %join;
    %join;
    %join;
    %join;
    %join;
    %join;
    %join;
    %join;
    %jmp t_0;
t_1 ;
    %delay 0, 0;
    %pushi/vec4 1, 0, 38;
    %split/vec4 1;
    %store/vec4 v000001ee43bba240_0, 0, 1;
    %split/vec4 5;
    %store/vec4 v000001ee43bb8b20_0, 0, 5;
    %split/vec4 16;
    %store/vec4 v000001ee43bba100_0, 0, 16;
    %store/vec4 v000001ee43bb93e0_0, 0, 16;
    %end;
t_2 ;
    %delay 10, 0;
    %pushi/vec4 5, 0, 38;
    %split/vec4 1;
    %store/vec4 v000001ee43bba240_0, 0, 1;
    %split/vec4 5;
    %store/vec4 v000001ee43bb8b20_0, 0, 5;
    %split/vec4 16;
    %store/vec4 v000001ee43bba100_0, 0, 16;
    %store/vec4 v000001ee43bb93e0_0, 0, 16;
    %end;
t_3 ;
    %delay 20, 0;
    %pushi/vec4 3, 0, 38;
    %split/vec4 1;
    %store/vec4 v000001ee43bba240_0, 0, 1;
    %split/vec4 5;
    %store/vec4 v000001ee43bb8b20_0, 0, 5;
    %split/vec4 16;
    %store/vec4 v000001ee43bba100_0, 0, 16;
    %store/vec4 v000001ee43bb93e0_0, 0, 16;
    %end;
t_4 ;
    %delay 30, 0;
    %pushi/vec4 4194307, 0, 38;
    %split/vec4 1;
    %store/vec4 v000001ee43bba240_0, 0, 1;
    %split/vec4 5;
    %store/vec4 v000001ee43bb8b20_0, 0, 5;
    %split/vec4 16;
    %store/vec4 v000001ee43bba100_0, 0, 16;
    %store/vec4 v000001ee43bb93e0_0, 0, 16;
    %end;
t_5 ;
    %delay 40, 0;
    %pushi/vec4 4194311, 0, 38;
    %split/vec4 1;
    %store/vec4 v000001ee43bba240_0, 0, 1;
    %split/vec4 5;
    %store/vec4 v000001ee43bb8b20_0, 0, 5;
    %split/vec4 16;
    %store/vec4 v000001ee43bba100_0, 0, 16;
    %store/vec4 v000001ee43bb93e0_0, 0, 16;
    %end;
t_6 ;
    %delay 50, 0;
    %pushi/vec4 12583177, 0, 38;
    %split/vec4 1;
    %store/vec4 v000001ee43bba240_0, 0, 1;
    %split/vec4 5;
    %store/vec4 v000001ee43bb8b20_0, 0, 5;
    %split/vec4 16;
    %store/vec4 v000001ee43bba100_0, 0, 16;
    %store/vec4 v000001ee43bb93e0_0, 0, 16;
    %end;
t_7 ;
    %delay 60, 0;
    %pushi/vec4 12583179, 0, 38;
    %split/vec4 1;
    %store/vec4 v000001ee43bba240_0, 0, 1;
    %split/vec4 5;
    %store/vec4 v000001ee43bb8b20_0, 0, 5;
    %split/vec4 16;
    %store/vec4 v000001ee43bba100_0, 0, 16;
    %store/vec4 v000001ee43bb93e0_0, 0, 16;
    %end;
t_8 ;
    %delay 70, 0;
    %pushi/vec4 29360333, 0, 38;
    %split/vec4 1;
    %store/vec4 v000001ee43bba240_0, 0, 1;
    %split/vec4 5;
    %store/vec4 v000001ee43bb8b20_0, 0, 5;
    %split/vec4 16;
    %store/vec4 v000001ee43bba100_0, 0, 16;
    %store/vec4 v000001ee43bb93e0_0, 0, 16;
    %end;
t_9 ;
    %delay 80, 0;
    %pushi/vec4 29360335, 0, 38;
    %split/vec4 1;
    %store/vec4 v000001ee43bba240_0, 0, 1;
    %split/vec4 5;
    %store/vec4 v000001ee43bb8b20_0, 0, 5;
    %split/vec4 16;
    %store/vec4 v000001ee43bba100_0, 0, 16;
    %store/vec4 v000001ee43bb93e0_0, 0, 16;
    %end;
t_10 ;
    %delay 90, 0;
    %pushi/vec4 29360337, 0, 38;
    %split/vec4 1;
    %store/vec4 v000001ee43bba240_0, 0, 1;
    %split/vec4 5;
    %store/vec4 v000001ee43bb8b20_0, 0, 5;
    %split/vec4 16;
    %store/vec4 v000001ee43bba100_0, 0, 16;
    %store/vec4 v000001ee43bb93e0_0, 0, 16;
    %end;
t_11 ;
    %delay 100, 0;
    %pushi/vec4 29360339, 0, 38;
    %split/vec4 1;
    %store/vec4 v000001ee43bba240_0, 0, 1;
    %split/vec4 5;
    %store/vec4 v000001ee43bb8b20_0, 0, 5;
    %split/vec4 16;
    %store/vec4 v000001ee43bba100_0, 0, 16;
    %store/vec4 v000001ee43bb93e0_0, 0, 16;
    %end;
t_12 ;
    %delay 110, 0;
    %pushi/vec4 29360341, 0, 38;
    %split/vec4 1;
    %store/vec4 v000001ee43bba240_0, 0, 1;
    %split/vec4 5;
    %store/vec4 v000001ee43bb8b20_0, 0, 5;
    %split/vec4 16;
    %store/vec4 v000001ee43bba100_0, 0, 16;
    %store/vec4 v000001ee43bb93e0_0, 0, 16;
    %end;
t_13 ;
    %delay 120, 0;
    %pushi/vec4 29360343, 0, 38;
    %split/vec4 1;
    %store/vec4 v000001ee43bba240_0, 0, 1;
    %split/vec4 5;
    %store/vec4 v000001ee43bb8b20_0, 0, 5;
    %split/vec4 16;
    %store/vec4 v000001ee43bba100_0, 0, 16;
    %store/vec4 v000001ee43bb93e0_0, 0, 16;
    %end;
t_14 ;
    %delay 130, 0;
    %pushi/vec4 2163212291, 0, 32;
    %concati/vec4 33, 0, 6;
    %split/vec4 1;
    %store/vec4 v000001ee43bba240_0, 0, 1;
    %split/vec4 5;
    %store/vec4 v000001ee43bb8b20_0, 0, 5;
    %split/vec4 16;
    %store/vec4 v000001ee43bba100_0, 0, 16;
    %store/vec4 v000001ee43bb93e0_0, 0, 16;
    %end;
t_15 ;
    %delay 140, 0;
    %pushi/vec4 4042260536, 0, 36;
    %concati/vec4 3, 0, 2;
    %split/vec4 1;
    %store/vec4 v000001ee43bba240_0, 0, 1;
    %split/vec4 5;
    %store/vec4 v000001ee43bb8b20_0, 0, 5;
    %split/vec4 16;
    %store/vec4 v000001ee43bba100_0, 0, 16;
    %store/vec4 v000001ee43bb93e0_0, 0, 16;
    %end;
t_16 ;
    %delay 150, 0;
    %pushi/vec4 4042260483, 0, 32;
    %concati/vec4 37, 0, 6;
    %split/vec4 1;
    %store/vec4 v000001ee43bba240_0, 0, 1;
    %split/vec4 5;
    %store/vec4 v000001ee43bb8b20_0, 0, 5;
    %split/vec4 16;
    %store/vec4 v000001ee43bba100_0, 0, 16;
    %store/vec4 v000001ee43bb93e0_0, 0, 16;
    %end;
t_17 ;
    %delay 160, 0;
    %pushi/vec4 4042326019, 0, 32;
    %concati/vec4 39, 0, 6;
    %split/vec4 1;
    %store/vec4 v000001ee43bba240_0, 0, 1;
    %split/vec4 5;
    %store/vec4 v000001ee43bb8b20_0, 0, 5;
    %split/vec4 16;
    %store/vec4 v000001ee43bba100_0, 0, 16;
    %store/vec4 v000001ee43bb93e0_0, 0, 16;
    %end;
t_18 ;
    %delay 170, 0;
    %pushi/vec4 4042260483, 0, 32;
    %concati/vec4 41, 0, 6;
    %split/vec4 1;
    %store/vec4 v000001ee43bba240_0, 0, 1;
    %split/vec4 5;
    %store/vec4 v000001ee43bb8b20_0, 0, 5;
    %split/vec4 16;
    %store/vec4 v000001ee43bba100_0, 0, 16;
    %store/vec4 v000001ee43bb93e0_0, 0, 16;
    %end;
t_19 ;
    %delay 180, 0;
    %pushi/vec4 4042260538, 0, 36;
    %concati/vec4 3, 0, 2;
    %split/vec4 1;
    %store/vec4 v000001ee43bba240_0, 0, 1;
    %split/vec4 5;
    %store/vec4 v000001ee43bb8b20_0, 0, 5;
    %split/vec4 16;
    %store/vec4 v000001ee43bba100_0, 0, 16;
    %store/vec4 v000001ee43bb93e0_0, 0, 16;
    %end;
t_20 ;
    %delay 190, 0;
    %pushi/vec4 4042260539, 0, 36;
    %concati/vec4 1, 0, 2;
    %split/vec4 1;
    %store/vec4 v000001ee43bba240_0, 0, 1;
    %split/vec4 5;
    %store/vec4 v000001ee43bb8b20_0, 0, 5;
    %split/vec4 16;
    %store/vec4 v000001ee43bba100_0, 0, 16;
    %store/vec4 v000001ee43bb93e0_0, 0, 16;
    %end;
t_21 ;
    %delay 200, 0;
    %pushi/vec4 4227858446, 0, 34;
    %concati/vec4 15, 0, 4;
    %split/vec4 1;
    %store/vec4 v000001ee43bba240_0, 0, 1;
    %split/vec4 5;
    %store/vec4 v000001ee43bb8b20_0, 0, 5;
    %split/vec4 16;
    %store/vec4 v000001ee43bba100_0, 0, 16;
    %store/vec4 v000001ee43bb93e0_0, 0, 16;
    %end;
t_22 ;
    %delay 210, 0;
    %pushi/vec4 4294836226, 0, 33;
    %concati/vec4 9, 0, 5;
    %split/vec4 1;
    %store/vec4 v000001ee43bba240_0, 0, 1;
    %split/vec4 5;
    %store/vec4 v000001ee43bb8b20_0, 0, 5;
    %split/vec4 16;
    %store/vec4 v000001ee43bba100_0, 0, 16;
    %store/vec4 v000001ee43bb93e0_0, 0, 16;
    %end;
t_23 ;
    %delay 220, 0;
    %pushi/vec4 4294836226, 0, 33;
    %concati/vec4 11, 0, 5;
    %split/vec4 1;
    %store/vec4 v000001ee43bba240_0, 0, 1;
    %split/vec4 5;
    %store/vec4 v000001ee43bb8b20_0, 0, 5;
    %split/vec4 16;
    %store/vec4 v000001ee43bba100_0, 0, 16;
    %store/vec4 v000001ee43bb93e0_0, 0, 16;
    %end;
t_24 ;
    %delay 230, 0;
    %pushi/vec4 4294967294, 0, 33;
    %concati/vec4 13, 0, 5;
    %split/vec4 1;
    %store/vec4 v000001ee43bba240_0, 0, 1;
    %split/vec4 5;
    %store/vec4 v000001ee43bb8b20_0, 0, 5;
    %split/vec4 16;
    %store/vec4 v000001ee43bba100_0, 0, 16;
    %store/vec4 v000001ee43bb93e0_0, 0, 16;
    %end;
t_25 ;
    %delay 240, 0;
    %pushi/vec4 4294967274, 0, 33;
    %concati/vec4 15, 0, 5;
    %split/vec4 1;
    %store/vec4 v000001ee43bba240_0, 0, 1;
    %split/vec4 5;
    %store/vec4 v000001ee43bb8b20_0, 0, 5;
    %split/vec4 16;
    %store/vec4 v000001ee43bba100_0, 0, 16;
    %store/vec4 v000001ee43bb93e0_0, 0, 16;
    %end;
t_26 ;
    %delay 250, 0;
    %pushi/vec4 75497804, 0, 38;
    %split/vec4 1;
    %store/vec4 v000001ee43bba240_0, 0, 1;
    %split/vec4 5;
    %store/vec4 v000001ee43bb8b20_0, 0, 5;
    %split/vec4 16;
    %store/vec4 v000001ee43bba100_0, 0, 16;
    %store/vec4 v000001ee43bb93e0_0, 0, 16;
    %end;
t_27 ;
    %delay 260, 0;
    %pushi/vec4 79691983, 0, 38;
    %split/vec4 1;
    %store/vec4 v000001ee43bba240_0, 0, 1;
    %split/vec4 5;
    %store/vec4 v000001ee43bb8b20_0, 0, 5;
    %split/vec4 16;
    %store/vec4 v000001ee43bba100_0, 0, 16;
    %store/vec4 v000001ee43bb93e0_0, 0, 16;
    %end;
t_28 ;
    %delay 270, 0;
    %pushi/vec4 67108870, 0, 38;
    %split/vec4 1;
    %store/vec4 v000001ee43bba240_0, 0, 1;
    %split/vec4 5;
    %store/vec4 v000001ee43bb8b20_0, 0, 5;
    %split/vec4 16;
    %store/vec4 v000001ee43bba100_0, 0, 16;
    %store/vec4 v000001ee43bb93e0_0, 0, 16;
    %end;
t_29 ;
    %delay 280, 0;
    %pushi/vec4 37749256, 0, 38;
    %split/vec4 1;
    %store/vec4 v000001ee43bba240_0, 0, 1;
    %split/vec4 5;
    %store/vec4 v000001ee43bb8b20_0, 0, 5;
    %split/vec4 16;
    %store/vec4 v000001ee43bba100_0, 0, 16;
    %store/vec4 v000001ee43bb93e0_0, 0, 16;
    %end;
t_30 ;
    %delay 290, 0;
    %pushi/vec4 33554955, 0, 38;
    %split/vec4 1;
    %store/vec4 v000001ee43bba240_0, 0, 1;
    %split/vec4 5;
    %store/vec4 v000001ee43bb8b20_0, 0, 5;
    %split/vec4 16;
    %store/vec4 v000001ee43bba100_0, 0, 16;
    %store/vec4 v000001ee43bb93e0_0, 0, 16;
    %end;
t_31 ;
    %delay 300, 0;
    %pushi/vec4 62914562, 0, 38;
    %split/vec4 1;
    %store/vec4 v000001ee43bba240_0, 0, 1;
    %split/vec4 5;
    %store/vec4 v000001ee43bb8b20_0, 0, 5;
    %split/vec4 16;
    %store/vec4 v000001ee43bba100_0, 0, 16;
    %store/vec4 v000001ee43bb93e0_0, 0, 16;
    %end;
    .scope S_000001ee43b598f0;
t_0 ;
    %end;
    .thread T_4;
# The file index is used to find the file name in the following table.
:file_names 3;
    "N/A";
    "<interactive>";
    "ALU.v";
